database/data/app_navigation.csv
database/data/app_navigation_map_mv.csv
database/jobs/app_navigaton_map_refresh.sql
database/mviews/app_navigation_map_mv.sql
database/packages/app.spec.sql
database/packages/app.sql
database/packages/app_nav.spec.sql
database/packages/app_nav.sql
database/tables/app_applications.sql
database/tables/app_components.sql
database/tables/app_contexts.sql
database/tables/app_lovs.sql
database/tables/app_navigation.sql
database/tables/app_pages.sql
database/tables/app_procedures.sql
database/tables/app_roles.sql
database/tables/app_roles_map.sql
database/tables/app_settings.sql
database/tables/app_tables.sql
database/tables/app_user_messages.sql
database/tables/app_users.sql
database/tables/app_users_map.sql
database/triggers/app_contexts__.sql
database/triggers/app_lovs__.sql
database/triggers/app_navigation__.sql
database/triggers/app_roles__.sql
database/triggers/app_settings__.sql
database/triggers/app_users__.sql
database/triggers/app_users_map__.sql
database/views/app_auth_components_v.sql
database/views/app_auth_pages_v.sql
database/views/app_launchpad_v.sql
database/views/app_lov_applications_v.sql
database/views/app_lov_page_groups_v.sql
database/views/app_lov_pages_v.sql
database/views/app_lov_role_groups_v.sql
database/views/app_lov_roles_v.sql
database/views/app_lov_users_all_v.sql
database/views/app_lov_users_v.sql
database/views/app_lov_workspaces_v.sql
database/views/app_navigation_grid_v.sql
database/views/app_navigation_matrix_v.sql
database/views/app_navigation_v.sql
database/views/app_roles_v.sql
database/views/app_user_profile_v.sql
database/views/app_user_roles_v.sql
database/views/app_users_v.sql
